<?xml version="1.0" encoding="UTF-8"?>
<testsuite xmlns:xsi="http://www.w3.org/2001/XMLSchema-instance" xsi:noNamespaceSchemaLocation="https://maven.apache.org/surefire/maven-surefire-plugin/xsd/surefire-test-report.xsd" name="programmer.zaman.now.test.SampleIntegrationTest" time="0.035" tests="2" errors="0" skipped="0" failures="0">
  <properties>
    <property name="java.specification.version" value="20"/>
    <property name="sun.cpu.isalist" value="amd64"/>
    <property name="sun.jnu.encoding" value="Cp1252"/>
    <property name="java.class.path" value="C:\Users\sugia\OneDrive\Documents\TUTOR FULL STACK DEVELOPER\PROGRAMMER JAMAN NOW\PEMROGRAMAN JAVA PEMULA SAMPAI MAHIR\belajar-java-unit-test\target\test-classes;C:\Users\sugia\OneDrive\Documents\TUTOR FULL STACK DEVELOPER\PROGRAMMER JAMAN NOW\PEMROGRAMAN JAVA PEMULA SAMPAI MAHIR\belajar-java-unit-test\target\classes;C:\Users\sugia\.m2\repository\org\junit\jupiter\junit-jupiter-engine\5.10.0\junit-jupiter-engine-5.10.0.jar;C:\Users\sugia\.m2\repository\org\junit\platform\junit-platform-engine\1.10.0\junit-platform-engine-1.10.0.jar;C:\Users\sugia\.m2\repository\org\opentest4j\opentest4j\1.3.0\opentest4j-1.3.0.jar;C:\Users\sugia\.m2\repository\org\junit\platform\junit-platform-commons\1.10.0\junit-platform-commons-1.10.0.jar;C:\Users\sugia\.m2\repository\org\junit\jupiter\junit-jupiter-api\5.10.0\junit-jupiter-api-5.10.0.jar;C:\Users\sugia\.m2\repository\org\apiguardian\apiguardian-api\1.1.2\apiguardian-api-1.1.2.jar;"/>
    <property name="java.vm.vendor" value="Oracle Corporation"/>
    <property name="sun.arch.data.model" value="64"/>
    <property name="user.variant" value=""/>
    <property name="java.vendor.url" value="https://java.oracle.com/"/>
    <property name="user.timezone" value="Asia/Jakarta"/>
    <property name="os.name" value="Windows 11"/>
    <property name="java.vm.specification.version" value="20"/>
    <property name="sun.java.launcher" value="SUN_STANDARD"/>
    <property name="user.country" value="ID"/>
    <property name="sun.boot.library.path" value="C:\Program Files\Java\jdk-20\bin"/>
    <property name="sun.java.command" value="C:\Users\sugia\AppData\Local\Temp\surefire13006136933828418490\surefirebooter4623752532529855046.jar C:\Users\sugia\AppData\Local\Temp\surefire13006136933828418490 2023-09-25T10-33-40_644-jvmRun1 surefire3214336202433069396tmp surefire_017763566448396033859tmp"/>
    <property name="jdk.debug" value="release"/>
    <property name="surefire.test.class.path" value="C:\Users\sugia\OneDrive\Documents\TUTOR FULL STACK DEVELOPER\PROGRAMMER JAMAN NOW\PEMROGRAMAN JAVA PEMULA SAMPAI MAHIR\belajar-java-unit-test\target\test-classes;C:\Users\sugia\OneDrive\Documents\TUTOR FULL STACK DEVELOPER\PROGRAMMER JAMAN NOW\PEMROGRAMAN JAVA PEMULA SAMPAI MAHIR\belajar-java-unit-test\target\classes;C:\Users\sugia\.m2\repository\org\junit\jupiter\junit-jupiter-engine\5.10.0\junit-jupiter-engine-5.10.0.jar;C:\Users\sugia\.m2\repository\org\junit\platform\junit-platform-engine\1.10.0\junit-platform-engine-1.10.0.jar;C:\Users\sugia\.m2\repository\org\opentest4j\opentest4j\1.3.0\opentest4j-1.3.0.jar;C:\Users\sugia\.m2\repository\org\junit\platform\junit-platform-commons\1.10.0\junit-platform-commons-1.10.0.jar;C:\Users\sugia\.m2\repository\org\junit\jupiter\junit-jupiter-api\5.10.0\junit-jupiter-api-5.10.0.jar;C:\Users\sugia\.m2\repository\org\apiguardian\apiguardian-api\1.1.2\apiguardian-api-1.1.2.jar;"/>
    <property name="sun.cpu.endian" value="little"/>
    <property name="user.home" value="C:\Users\sugia"/>
    <property name="user.language" value="en"/>
    <property name="java.specification.vendor" value="Oracle Corporation"/>
    <property name="java.version.date" value="2023-04-18"/>
    <property name="java.home" value="C:\Program Files\Java\jdk-20"/>
    <property name="file.separator" value="\"/>
    <property name="basedir" value="C:\Users\sugia\OneDrive\Documents\TUTOR FULL STACK DEVELOPER\PROGRAMMER JAMAN NOW\PEMROGRAMAN JAVA PEMULA SAMPAI MAHIR\belajar-java-unit-test"/>
    <property name="java.vm.compressedOopsMode" value="32-bit"/>
    <property name="line.separator" value="&#10;"/>
    <property name="java.vm.specification.vendor" value="Oracle Corporation"/>
    <property name="java.specification.name" value="Java Platform API Specification"/>
    <property name="surefire.real.class.path" value="C:\Users\sugia\AppData\Local\Temp\surefire13006136933828418490\surefirebooter4623752532529855046.jar"/>
    <property name="user.script" value=""/>
    <property name="sun.management.compiler" value="HotSpot 64-Bit Tiered Compilers"/>
    <property name="java.runtime.version" value="20.0.1+9-29"/>
    <property name="user.name" value="sugia"/>
    <property name="stdout.encoding" value="Cp1252"/>
    <property name="path.separator" value=";"/>
    <property name="os.version" value="10.0"/>
    <property name="java.runtime.name" value="Java(TM) SE Runtime Environment"/>
    <property name="file.encoding" value="UTF-8"/>
    <property name="java.vm.name" value="Java HotSpot(TM) 64-Bit Server VM"/>
    <property name="localRepository" value="C:\Users\sugia\.m2\repository"/>
    <property name="java.vendor.url.bug" value="https://bugreport.java.com/bugreport/"/>
    <property name="java.io.tmpdir" value="C:\Users\sugia\AppData\Local\Temp\"/>
    <property name="java.version" value="20.0.1"/>
    <property name="user.dir" value="C:\Users\sugia\OneDrive\Documents\TUTOR FULL STACK DEVELOPER\PROGRAMMER JAMAN NOW\PEMROGRAMAN JAVA PEMULA SAMPAI MAHIR\belajar-java-unit-test"/>
    <property name="os.arch" value="amd64"/>
    <property name="groups" value="integration-test"/>
    <property name="java.vm.specification.name" value="Java Virtual Machine Specification"/>
    <property name="sun.os.patch.level" value=""/>
    <property name="native.encoding" value="Cp1252"/>
    <property name="java.library.path" value="C:\Program Files\Java\jdk-20\bin;C:\WINDOWS\Sun\Java\bin;C:\WINDOWS\system32;C:\WINDOWS;C:\Program Files\Common Files\Oracle\Java\javapath;C:\Program Files (x86)\Common Files\Oracle\Java\javapath;C:\Windows\system32;C:\Windows;C:\Windows\System32\Wbem;C:\Windows\System32\WindowsPowerShell\v1.0\;C:\Windows\System32\OpenSSH\;C:\Program Files (x86)\NVIDIA Corporation\PhysX\Common;C:\Program Files\NVIDIA Corporation\NVIDIA NvDLISR;C:\WINDOWS\system32;C:\WINDOWS;C:\WINDOWS\System32\Wbem;C:\WINDOWS\System32\WindowsPowerShell\v1.0\;C:\WINDOWS\System32\OpenSSH\;C:\Program Files\Java\jdk-20.0.1\bin;C:\Program Files\Git\cmd;C:\ProgramData\chocolatey\bin;C:\Program Files\nodejs\;C:\Users\sugia\AppData\Local\Android\Sdk;C:\Users\sugia\AppData\Local\Android\Sdk\platform-tools;C:\Program Files\Java\jdk-20.0.1;C:\Users\sugia\OneDrive\Documents\TUTOR FULL STACK DEVELOPER\PROGRAMMER JAMAN NOW\PEMROGRAMAN JAVA PEMULA SAMPAI MAHIR\Sumber Daya\Bagian 9 Apache Maven\apache-maven-3.9.4\bin;C:\Users\sugia\AppData\Local\Microsoft\WindowsApps;C:\Users\sugia\AppData\Local\Programs\Microsoft VS Code\bin;C:\Users\sugia\AppData\Roaming\npm;C:\Users\sugia\AppData\Local\Android\Sdk\platform-tools;;."/>
    <property name="java.vm.info" value="mixed mode, sharing"/>
    <property name="stderr.encoding" value="Cp1252"/>
    <property name="java.vendor" value="Oracle Corporation"/>
    <property name="java.vm.version" value="20.0.1+9-29"/>
    <property name="sun.io.unicode.encoding" value="UnicodeLittle"/>
    <property name="java.class.version" value="64.0"/>
  </properties>
  <testcase name="test1" classname="programmer.zaman.now.test.SampleIntegrationTest" time="0.019"/>
  <testcase name="test2" classname="programmer.zaman.now.test.SampleIntegrationTest" time="0"/>
</testsuite>